<?xml version="1.0" encoding="UTF-8"?>
<!-- Generated by org.testng.reporters.JUnitReportReporter -->
<testsuite skipped="0" hostname="DESKTOP-VEIFJU2" name="tests.Login" tests="6" failures="0" timestamp="03 Jul 2019 01:41:06 GMT" time="0.010" errors="0">
  <testcase name="logout" time="0.001" classname="tests.Login"/>
  <testcase name="doStuff" time="0.007" classname="tests.Login"/>
  <testcase name="logout" time="0.000" classname="tests.Login"/>
  <testcase name="doStuff" time="0.001" classname="tests.Login"/>
  <testcase name="login" time="0.000" classname="tests.Login"/>
  <testcase name="login" time="0.001" classname="tests.Login"/>
</testsuite> <!-- tests.Login -->
