<?xml version="1.0" encoding="UTF-8"?>
<!-- Generated by org.testng.reporters.JUnitReportReporter -->
<testsuite skipped="0" hostname="DESKTOP-VEIFJU2" name="moretests.MoreTest" tests="2" failures="0" timestamp="03 Jul 2019 01:41:06 GMT" time="0.003" errors="0">
  <testcase name="moreTest" time="0.002" classname="moretests.MoreTest"/>
  <testcase name="moreTest" time="0.001" classname="moretests.MoreTest"/>
</testsuite> <!-- moretests.MoreTest -->
