<?xml version="1.0" encoding="UTF-8"?>
<!-- Generated by org.testng.reporters.JUnitReportReporter -->
<testsuite skipped="0" hostname="DESKTOP-VEIFJU2" name="tests.Priorities" tests="1" failures="0" timestamp="03 Jul 2019 01:33:48 GMT" time="0.007" errors="0">
  <testcase name="openBrowser" time="0.007" classname="tests.Priorities"/>
</testsuite> <!-- tests.Priorities -->
