<?xml version="1.0" encoding="UTF-8"?>
<!-- Generated by org.testng.reporters.JUnitReportReporter -->
<testsuite skipped="0" hostname="DESKTOP-VEIFJU2" name="tests.Dependencies" tests="4" failures="0" timestamp="03 Jul 2019 01:33:48 GMT" time="0.006" errors="0">
  <testcase name="doStuffWhileLoggedIn" time="0.002" classname="tests.Dependencies"/>
  <testcase name="login" time="0.001" classname="tests.Dependencies"/>
  <testcase name="logout" time="0.000" classname="tests.Dependencies"/>
  <testcase name="launchBrowser" time="0.003" classname="tests.Dependencies"/>
</testsuite> <!-- tests.Dependencies -->
